<?xml version="1.0" encoding="UTF-8"?>
<!-- Generated by org.testng.reporters.JUnitReportReporter -->
<testsuite hostname="LAPTOP-O9NEVTUV" failures="0" tests="1" name="testCases.TC_002_Login" time="3.802" errors="0" timestamp="2021-03-25T23:17:07 CET" skipped="0">
  <testcase classname="testCases.TC_002_Login" name="test_Login" time="3.802"/>
  <system-out/>
</testsuite> <!-- testCases.TC_002_Login -->
