<?xml version="1.0" encoding="UTF-8"?>
<!-- Generated by org.testng.reporters.JUnitReportReporter -->
<testsuite hostname="LAPTOP-O9NEVTUV" failures="0" tests="4" name="testCases.TC_003_LoginDDT" time="41.139" errors="0" timestamp="2021-03-25T23:17:07 CET" skipped="0">
  <testcase classname="testCases.TC_003_LoginDDT" name="test_LoginDDT" time="12.329"/>
  <system-out/>
  <testcase classname="testCases.TC_003_LoginDDT" name="test_LoginDDT" time="12.276"/>
  <system-out/>
  <testcase classname="testCases.TC_003_LoginDDT" name="test_LoginDDT" time="12.310"/>
  <system-out/>
  <testcase classname="testCases.TC_003_LoginDDT" name="test_LoginDDT" time="4.224"/>
  <system-out/>
</testsuite> <!-- testCases.TC_003_LoginDDT -->
