<?xml version="1.0" encoding="UTF-8"?>
<!-- Generated by org.testng.reporters.JUnitReportReporter -->
<testsuite hostname="LAPTOP-O9NEVTUV" failures="0" tests="1" name="testCases.TC_001_AccountRegistration" time="4.200" errors="0" timestamp="2021-03-25T23:17:07 CET" skipped="0">
  <testcase classname="testCases.TC_001_AccountRegistration" name="test_account_Registration" time="4.200"/>
  <system-out/>
</testsuite> <!-- testCases.TC_001_AccountRegistration -->
