<?xml version="1.0" encoding="UTF-8"?>
<!-- Generated by org.testng.reporters.JUnitReportReporter -->
<testsuite skipped="0" hostname="LAPTOP-O9NEVTUV" name="testCases.TC_002_Login" tests="1" failures="0" timestamp="2021-03-25T23:08:10 CET" time="4.159" errors="0">
  <testcase name="test_Login" time="4.159" classname="testCases.TC_002_Login"/>
  <system-out/>
</testsuite> <!-- testCases.TC_002_Login -->
