<?xml version="1.0" encoding="UTF-8"?>
<!-- Generated by org.testng.reporters.JUnitReportReporter -->
<testsuite skipped="0" hostname="LAPTOP-O9NEVTUV" name="testCases.TC_001_AccountRegistration" tests="1" failures="0" timestamp="2021-03-25T23:08:10 CET" time="3.772" errors="0">
  <testcase name="test_account_Registration" time="3.772" classname="testCases.TC_001_AccountRegistration"/>
  <system-out/>
</testsuite> <!-- testCases.TC_001_AccountRegistration -->
